#
# There is insufficient memory for the Java Runtime Environment to continue.
# Native memory allocation (malloc) failed to allocate 1048576 bytes for AllocateHeap
# Possible reasons:
#   The system is out of physical RAM or swap space
#   The process is running with CompressedOops enabled, and the Java Heap may be blocking the growth of the native heap
# Possible solutions:
#   Reduce memory load on the system
#   Increase physical memory or swap space
#   Check if swap backing store is full
#   Decrease Java heap size (-Xmx/-Xms)
#   Decrease number of Java threads
#   Decrease Java thread stack sizes (-Xss)
#   Set larger code cache with -XX:ReservedCodeCacheSize=
#   JVM is running with Unscaled Compressed Oops mode in which the Java heap is
#     placed in the first 4GB address space. The Java Heap base address is the
#     maximum limit for the native heap growth. Please use -XX:HeapBaseMinAddress
#     to set the Java Heap base and to place the Java Heap above 4GB virtual address.
# This output file may be truncated or incomplete.
#
#  Out of Memory Error (memory/allocation.inline.hpp:61), pid=20076, tid=0x0000000000000948
#
# JRE version:  (8.0_221-b11) (build )
# Java VM: Java HotSpot(TM) 64-Bit Server VM (25.221-b11 mixed mode windows-amd64 compressed oops)
# Failed to write core dump. Minidumps are not enabled by default on client versions of Windows
#

---------------  T H R E A D  ---------------

Current thread (0x000000000381e000):  JavaThread "Unknown thread" [_thread_in_vm, id=2376, stack(0x00000000036d0000,0x00000000037d0000)]

Stack: [0x00000000036d0000,0x00000000037d0000]
[error occurred during error reporting (printing stack bounds), id 0xc0000005]

Native frames: (J=compiled Java code, j=interpreted, Vv=VM code, C=native code)


---------------  P R O C E S S  ---------------

Java Threads: ( => current thread )

Other Threads:

=>0x000000000381e000 (exited) JavaThread "Unknown thread" [_thread_in_vm, id=2376, stack(0x00000000036d0000,0x00000000037d0000)]

VM state:not at safepoint (normal execution)

VM Mutex/Monitor currently owned by a thread: None

heap address: 0x0000000082200000, size: 2014 MB, Compressed Oops mode: 32-bit
Narrow klass base: 0x0000000000000000, Narrow klass shift: 3
Compressed class space size: 1073741824 Address: 0x0000000100000000

Heap:
 PSYoungGen      total 37888K, used 655K [0x00000000d6100000, 0x00000000d8b00000, 0x0000000100000000)
  eden space 32768K, 2% used [0x00000000d6100000,0x00000000d61a3d80,0x00000000d8100000)
  from space 5120K, 0% used [0x00000000d8600000,0x00000000d8600000,0x00000000d8b00000)
  to   space 5120K, 0% used [0x00000000d8100000,0x00000000d8100000,0x00000000d8600000)
 ParOldGen       total 86016K, used 0K [0x0000000082200000, 0x0000000087600000, 0x00000000d6100000)
  object space 86016K, 0% used [0x0000000082200000,0x0000000082200000,0x0000000087600000)
 Metaspace       used 752K, capacity 4480K, committed 4480K, reserved 1056768K
  class space    used 76K, capacity 384K, committed 384K, reserved 1048576K

Card table byte_map: [0x0000000012ce0000,0x00000000130d0000] byte_map_base: 0x00000000128cf000

Marking Bits: (ParMarkBitMap*) 0x000000005cf45ce0
 Begin Bits: [0x0000000013770000, 0x00000000156e8000)
 End Bits:   [0x00000000156e8000, 0x0000000017660000)

Polling page: 0x00000000037d0000

CodeCache: size=245760Kb used=328Kb max_used=328Kb free=245431Kb
 bounds [0x0000000003920000, 0x0000000003b90000, 0x0000000012920000]
 total_blobs=58 nmethods=0 adapters=38
 compilation: enabled

Compilation events (0 events):
No events

GC Heap History (0 events):
No events

Deoptimization events (0 events):
No events

Classes redefined (0 events):
No events

Internal exceptions (0 events):
No events

Events (10 events):
Event: 0.051 loading class java/lang/Short
Event: 0.051 loading class java/lang/Short done
Event: 0.051 loading class java/lang/Integer
Event: 0.051 loading class java/lang/Integer done
Event: 0.051 loading class java/lang/Long
Event: 0.052 loading class java/lang/Long done
Event: 0.052 loading class java/lang/NullPointerException
Event: 0.053 loading class java/lang/NullPointerException done
Event: 0.053 loading class java/lang/ArithmeticException
Event: 0.053 loading class java/lang/ArithmeticException done


Dynamic libraries:
0x00007ff64fbf0000 - 0x00007ff64fc27000 	C:\Program Files\Java\jre1.8.0_221\bin\javaw.exe
0x00007ff936a60000 - 0x00007ff936c50000 	C:\WINDOWS\SYSTEM32\ntdll.dll
0x00007ff935840000 - 0x00007ff9358f2000 	C:\WINDOWS\System32\KERNEL32.DLL
0x00007ff934860000 - 0x00007ff934b03000 	C:\WINDOWS\System32\KERNELBASE.dll
0x00007ff9362d0000 - 0x00007ff936373000 	C:\WINDOWS\System32\ADVAPI32.dll
0x00007ff936120000 - 0x00007ff9361be000 	C:\WINDOWS\System32\msvcrt.dll
0x00007ff934e90000 - 0x00007ff934f27000 	C:\WINDOWS\System32\sechost.dll
0x00007ff935900000 - 0x00007ff935a20000 	C:\WINDOWS\System32\RPCRT4.dll
0x00007ff935000000 - 0x00007ff935193000 	C:\WINDOWS\System32\USER32.dll
0x00007ff933cf0000 - 0x00007ff933d11000 	C:\WINDOWS\System32\win32u.dll
0x00007ff935330000 - 0x00007ff935356000 	C:\WINDOWS\System32\GDI32.dll
0x00007ff933af0000 - 0x00007ff933c84000 	C:\WINDOWS\System32\gdi32full.dll
0x00007ff933d20000 - 0x00007ff933dbe000 	C:\WINDOWS\System32\msvcp_win.dll
0x00007ff9339f0000 - 0x00007ff933aea000 	C:\WINDOWS\System32\ucrtbase.dll
0x00007ff920960000 - 0x00007ff920be5000 	C:\WINDOWS\WinSxS\amd64_microsoft.windows.common-controls_6595b64144ccf1df_6.0.18362.356_none_e6c4af7d130f27cc\COMCTL32.dll
0x00007ff935360000 - 0x00007ff935696000 	C:\WINDOWS\System32\combase.dll
0x00007ff9345c0000 - 0x00007ff934640000 	C:\WINDOWS\System32\bcryptPrimitives.dll
0x00007ff9352a0000 - 0x00007ff9352ce000 	C:\WINDOWS\System32\IMM32.DLL
0x00007ff92cd40000 - 0x00007ff92ceea000 	C:\WINDOWS\system32\tmumh\20019\AddOn\8.20.0.1028\TmUmEvt64.dll
0x00007ff934b70000 - 0x00007ff934b78000 	C:\WINDOWS\System32\PSAPI.DLL
0x00007ff9352d0000 - 0x00007ff935322000 	C:\WINDOWS\System32\SHLWAPI.dll
0x0000000062c70000 - 0x0000000062dd6000 	C:\WINDOWS\system32\tmumh\20019\TmMon\2.7.3.1026\tmmon64.dll
0x000000005ebb0000 - 0x000000005ec82000 	C:\Program Files\Java\jre1.8.0_221\bin\msvcr100.dll
0x000000005c720000 - 0x000000005cfc5000 	C:\Program Files\Java\jre1.8.0_221\bin\server\jvm.dll
0x00007ff91cb20000 - 0x00007ff91cb29000 	C:\WINDOWS\SYSTEM32\WSOCK32.dll
0x00007ff9351a0000 - 0x00007ff93520f000 	C:\WINDOWS\System32\WS2_32.dll
0x00007ff92e360000 - 0x00007ff92e384000 	C:\WINDOWS\SYSTEM32\WINMM.dll
0x00007ff9292e0000 - 0x00007ff9292ea000 	C:\WINDOWS\SYSTEM32\VERSION.dll
0x00007ff92e330000 - 0x00007ff92e35d000 	C:\WINDOWS\SYSTEM32\WINMMBASE.dll
0x00007ff934570000 - 0x00007ff9345ba000 	C:\WINDOWS\System32\cfgmgr32.dll
0x00007ff930ff0000 - 0x00007ff930fff000 	C:\Program Files\Java\jre1.8.0_221\bin\verify.dll
0x00007ff91eb80000 - 0x00007ff91eba9000 	C:\Program Files\Java\jre1.8.0_221\bin\java.dll
0x00007ff92ac20000 - 0x00007ff92ac36000 	C:\Program Files\Java\jre1.8.0_221\bin\zip.dll

VM Arguments:
jvm_args: -Djava.library.path=C:\Users\abp\Desktop\Code Libraries\webcam-capture-0.3.12-dist;C:\Users\abp\Desktop\Code Libraries\webcam-capture-0.3.12-dist -Dfile.encoding=Cp1252 
java_command: Webcam_Capture
java_class_path (initial): C:\Users\abp\Desktop\Code Libraries\webcam-capture-0.3.12-dist\webcam-capture-0.3.12.jar;C:\Users\abp\eclipse-workspace\Quality Inspection Script\bin;C:\Users\abp\Desktop\Code Libraries\webcam-capture-0.3.12-dist\libs\bridj-0.7.0.jar;C:\Users\abp\Desktop\Code Libraries\webcam-capture-0.3.12-dist\libs\slf4j-api-1.7.2.jar
Launcher Type: SUN_STANDARD

Environment Variables:
PATH=C:/Program Files/Java/jre1.8.0_221/bin/server;C:/Program Files/Java/jre1.8.0_221/bin;C:/Program Files/Java/jre1.8.0_221/lib/amd64;C:\Program Files (x86)\Common Files\Oracle\Java\javapath;C:\ProgramData\Oracle\Java\javapath;C:\Program Files (x86)\Intel\iCLS Client\;C:\Program Files\Intel\iCLS Client\;C:\Windows\system32;C:\Windows;C:\Windows\System32\Wbem;C:\Windows\System32\WindowsPowerShell\v1.0\;C:\Program Files (x86)\Intel\Intel(R) Management Engine Components\DAL;C:\Program Files\Intel\Intel(R) Management Engine Components\DAL;C:\Program Files (x86)\Intel\Intel(R) Management Engine Components\IPT;C:\Program Files\Intel\Intel(R) Management Engine Components\IPT;C:\Program Files (x86)\NVIDIA Corporation\PhysX\Common;C:\Program Files (x86)\Google\Google Apps Sync\;C:\Program Files (x86)\Google\Google Apps Migration\;C:\WINDOWS\system32;C:\WINDOWS;C:\WINDOWS\System32\Wbem;C:\WINDOWS\System32\WindowsPowerShell\v1.0\;C:\WINDOWS\System32\OpenSSH\;C:\Program Files\Common Files\Autodesk Shared\;C:\Program Files (x86)\Autodesk\Backburner\;C:\Program Files\Microsoft SQL Server\120\Tools\Binn\;C:\Users\abp\AppData\Local\Microsoft\WindowsApps;C:\Users\abp\AppData\Local\Programs\Git\cmd;C:\Users\abp\Desktop\Files\eclipse;
USERNAME=abp
OS=Windows_NT
PROCESSOR_IDENTIFIER=Intel64 Family 6 Model 142 Stepping 9, GenuineIntel



---------------  S Y S T E M  ---------------

OS: Windows 10.0 , 64 bit Build 18362 (10.0.18362.329)

CPU:total 4 (initial active 4) (2 cores per cpu, 2 threads per core) family 6 model 142 stepping 9, cmov, cx8, fxsr, mmx, sse, sse2, sse3, ssse3, sse4.1, sse4.2, popcnt, avx, avx2, aes, clmul, erms, rtm, 3dnowpref, lzcnt, ht, tsc, tscinvbit, bmi1, bmi2, adx

Memory: 4k page, physical 8246980k(508512k free), swap 23727284k(6032k free)

vm_info: Java HotSpot(TM) 64-Bit Server VM (25.221-b11) for windows-amd64 JRE (1.8.0_221-b11), built on Jul  4 2019 04:39:29 by "java_re" with MS VC++ 10.0 (VS2010)

time: Tue Oct 01 16:37:55 2019
timezone: Eastern Daylight Time
elapsed time: 0 seconds (0d 0h 0m 0s)

